#
# A fatal error has been detected by the Java Runtime Environment:
#
#  EXCEPTION_ACCESS_VIOLATION (0xc0000005) at pc=0x00007ff975788459, pid=46472, tid=33328
#
# JRE version: Java(TM) SE Runtime Environment (17.0.2+8) (build 17.0.2+8-LTS-86)
# Java VM: Java HotSpot(TM) 64-Bit Server VM (17.0.2+8-LTS-86, mixed mode, sharing, tiered, compressed oops, compressed class ptrs, g1 gc, windows-amd64)
# Problematic frame:
# C  [nvoglv64.dll+0x7f8459]
#
# No core dump will be written. Minidumps are not enabled by default on client versions of Windows
#
# If you would like to submit a bug report, please visit:
#   https://bugreport.java.com/bugreport/crash.jsp
# The crash happened outside the Java Virtual Machine in native code.
# See problematic frame for where to report the bug.
#

---------------  S U M M A R Y ------------

Command Line: -agentlib:jdwp=transport=dt_socket,server=n,suspend=y,address=127.0.0.1:61583 -Dfile.encoding=windows-1252 -Duser.country=DE -Duser.language=de -Duser.variant net.minecraft.client.main.Main --gameDir . --version 1.20.1 --assetsDir assets --assetIndex 5 --accessToken 0

Host: AMD Ryzen 5 5600X 6-Core Processor             , 12 cores, 31G,  Windows 11 , 64 bit Build 22621 (10.0.22621.1635)
Time: Fri Dec 29 23:43:55 2023 Mitteleuropäische Zeit elapsed time: 50.573298 seconds (0d 0h 0m 50s)

---------------  T H R E A D  ---------------

Current thread (0x00000230a3eab030):  JavaThread "JDWP Transport Listener: dt_socket" daemon [_thread_in_native, id=33328, stack(0x0000009184b00000,0x0000009184c00000)]

Stack: [0x0000009184b00000,0x0000009184c00000],  sp=0x0000009184bff108,  free space=1020k
Native frames: (J=compiled Java code, j=interpreted, Vv=VM code, C=native code)
C  [nvoglv64.dll+0x7f8459]


siginfo: EXCEPTION_ACCESS_VIOLATION (0xc0000005), reading address 0x0000000000001238


Register to memory mapping:

RIP=